<?xml version="1.0" encoding="UTF-8"?>
<coverage generated="1736799483114" clover="3.2.0">
  <project timestamp="1736799483114" name="All files">
    <metrics statements="85" coveredstatements="85" conditionals="90" coveredconditionals="89" methods="18" coveredmethods="17" elements="193" coveredelements="191" complexity="0" loc="85" ncloc="85" packages="1" files="3" classes="3"/>
    <file name="Helpers.js" path="/Users/roquendo/code/rodolfoquendo/js-core/lib/Helpers.js">
      <metrics statements="20" coveredstatements="20" conditionals="23" coveredconditionals="23" methods="8" coveredmethods="8"/>
      <line num="3" count="381" type="stmt"/>
      <line num="6" count="39" type="stmt"/>
      <line num="9" count="183" type="cond" truecount="2" falsecount="0"/>
      <line num="12" count="10" type="stmt"/>
      <line num="15" count="3" type="stmt"/>
      <line num="18" count="6" type="cond" truecount="2" falsecount="0"/>
      <line num="22" count="8" type="cond" truecount="2" falsecount="0"/>
      <line num="23" count="8" type="cond" truecount="2" falsecount="0"/>
      <line num="24" count="8" type="cond" truecount="2" falsecount="0"/>
      <line num="25" count="8" type="stmt"/>
      <line num="26" count="8" type="stmt"/>
      <line num="27" count="6" type="stmt"/>
      <line num="28" count="6" type="stmt"/>
      <line num="31" count="8" type="cond" truecount="2" falsecount="0"/>
      <line num="32" count="8" type="cond" truecount="2" falsecount="0"/>
      <line num="33" count="1" type="stmt"/>
      <line num="35" count="8" type="cond" truecount="4" falsecount="0"/>
      <line num="36" count="6" type="cond" truecount="2" falsecount="0"/>
      <line num="37" count="6" type="stmt"/>
      <line num="39" count="8" type="stmt"/>
    </file>
    <file name="Statistics.js" path="/Users/roquendo/code/rodolfoquendo/js-core/lib/Statistics.js">
      <metrics statements="42" coveredstatements="42" conditionals="42" coveredconditionals="41" methods="9" coveredmethods="8"/>
      <line num="4" count="8" type="stmt"/>
      <line num="5" count="1" type="stmt"/>
      <line num="7" count="5" type="stmt"/>
      <line num="8" count="5" type="stmt"/>
      <line num="11" count="7" type="cond" truecount="2" falsecount="0"/>
      <line num="12" count="1" type="stmt"/>
      <line num="14" count="6" type="stmt"/>
      <line num="15" count="6" type="stmt"/>
      <line num="16" count="30" type="stmt"/>
      <line num="17" count="30" type="cond" truecount="1" falsecount="1"/>
      <line num="18" count="30" type="stmt"/>
      <line num="20" count="30" type="cond" truecount="5" falsecount="0"/>
      <line num="24" count="4" type="stmt"/>
      <line num="26" count="30" type="cond" truecount="5" falsecount="0"/>
      <line num="30" count="1" type="stmt"/>
      <line num="32" count="30" type="cond" truecount="5" falsecount="0"/>
      <line num="36" count="6" type="stmt"/>
      <line num="38" count="30" type="cond" truecount="5" falsecount="0"/>
      <line num="42" count="6" type="stmt"/>
      <line num="44" count="30" type="cond" truecount="5" falsecount="0"/>
      <line num="48" count="6" type="stmt"/>
      <line num="51" count="6" type="stmt"/>
      <line num="54" count="18" type="stmt"/>
      <line num="57" count="17" type="cond" truecount="2" falsecount="0"/>
      <line num="60" count="2" type="cond" truecount="4" falsecount="0"/>
      <line num="61" count="1" type="stmt"/>
      <line num="63" count="1" type="stmt"/>
      <line num="64" count="1" type="stmt"/>
      <line num="69" count="1" type="stmt"/>
      <line num="70" count="1" type="stmt"/>
      <line num="73" count="4" type="cond" truecount="2" falsecount="0"/>
      <line num="74" count="1" type="stmt"/>
      <line num="76" count="3" type="cond" truecount="2" falsecount="0"/>
      <line num="77" count="1" type="stmt"/>
      <line num="79" count="3" type="stmt"/>
      <line num="83" count="3" type="stmt"/>
      <line num="86" count="4" type="stmt"/>
      <line num="87" count="4" type="stmt"/>
      <line num="88" count="4" type="cond" truecount="2" falsecount="0"/>
      <line num="89" count="2" type="stmt"/>
      <line num="91" count="2" type="stmt"/>
      <line num="92" count="2" type="stmt"/>
    </file>
    <file name="Store.js" path="/Users/roquendo/code/rodolfoquendo/js-core/lib/Store.js">
      <metrics statements="23" coveredstatements="23" conditionals="25" coveredconditionals="25" methods="1" coveredmethods="1"/>
      <line num="3" count="9" type="stmt"/>
      <line num="4" count="9" type="stmt"/>
      <line num="5" count="9" type="cond" truecount="2" falsecount="0"/>
      <line num="6" count="9" type="cond" truecount="2" falsecount="0"/>
      <line num="7" count="9" type="cond" truecount="2" falsecount="0"/>
      <line num="8" count="4" type="stmt"/>
      <line num="9" count="4" type="stmt"/>
      <line num="10" count="4" type="stmt"/>
      <line num="24" count="4" type="stmt"/>
      <line num="25" count="4" type="cond" truecount="2" falsecount="0"/>
      <line num="26" count="4" type="stmt"/>
      <line num="28" count="9" type="stmt"/>
      <line num="29" count="9" type="cond" truecount="2" falsecount="0"/>
      <line num="30" count="6" type="cond" truecount="2" falsecount="0"/>
      <line num="31" count="6" type="stmt"/>
      <line num="32" count="6" type="cond" truecount="2" falsecount="0"/>
      <line num="33" count="6" type="cond" truecount="2" falsecount="0"/>
      <line num="34" count="6" type="cond" truecount="2" falsecount="0"/>
      <line num="35" count="6" type="cond" truecount="2" falsecount="0"/>
      <line num="36" count="1" type="stmt"/>
      <line num="37" count="1" type="stmt"/>
      <line num="39" count="5" type="stmt"/>
      <line num="42" count="9" type="stmt"/>
    </file>
  </project>
</coverage>
