<?xml version="1.0" encoding="UTF-8"?>
<coverage generated="1736787371511" clover="3.2.0">
  <project timestamp="1736787371512" name="All files">
    <metrics statements="74" coveredstatements="61" conditionals="82" coveredconditionals="72" methods="17" coveredmethods="12" elements="173" coveredelements="145" complexity="0" loc="74" ncloc="74" packages="1" files="3" classes="3"/>
    <file name="Helpers.js" path="/Users/roquendo/code/js-core/lib/Helpers.js">
      <metrics statements="20" coveredstatements="20" conditionals="23" coveredconditionals="23" methods="8" coveredmethods="8"/>
      <line num="3" count="306" type="stmt"/>
      <line num="6" count="31" type="stmt"/>
      <line num="9" count="139" type="cond" truecount="2" falsecount="0"/>
      <line num="12" count="10" type="stmt"/>
      <line num="15" count="3" type="stmt"/>
      <line num="18" count="6" type="cond" truecount="2" falsecount="0"/>
      <line num="22" count="8" type="cond" truecount="2" falsecount="0"/>
      <line num="23" count="8" type="cond" truecount="2" falsecount="0"/>
      <line num="24" count="8" type="cond" truecount="2" falsecount="0"/>
      <line num="25" count="8" type="stmt"/>
      <line num="26" count="8" type="stmt"/>
      <line num="27" count="6" type="stmt"/>
      <line num="28" count="6" type="stmt"/>
      <line num="31" count="8" type="cond" truecount="2" falsecount="0"/>
      <line num="32" count="8" type="cond" truecount="2" falsecount="0"/>
      <line num="33" count="1" type="stmt"/>
      <line num="35" count="8" type="cond" truecount="4" falsecount="0"/>
      <line num="36" count="6" type="cond" truecount="2" falsecount="0"/>
      <line num="37" count="6" type="stmt"/>
      <line num="39" count="8" type="stmt"/>
    </file>
    <file name="Statistics.js" path="/Users/roquendo/code/js-core/lib/Statistics.js">
      <metrics statements="31" coveredstatements="18" conditionals="34" coveredconditionals="24" methods="8" coveredmethods="3"/>
      <line num="4" count="1" type="stmt"/>
      <line num="5" count="1" type="stmt"/>
      <line num="7" count="1" type="stmt"/>
      <line num="8" count="1" type="stmt"/>
      <line num="11" count="5" type="stmt"/>
      <line num="12" count="5" type="stmt"/>
      <line num="13" count="25" type="stmt"/>
      <line num="14" count="25" type="cond" truecount="1" falsecount="1"/>
      <line num="15" count="25" type="stmt"/>
      <line num="17" count="25" type="cond" truecount="5" falsecount="0"/>
      <line num="21" count="3" type="stmt"/>
      <line num="23" count="25" type="cond" truecount="5" falsecount="0"/>
      <line num="27" count="2" type="stmt"/>
      <line num="29" count="25" type="cond" truecount="5" falsecount="0"/>
      <line num="33" count="4" type="stmt"/>
      <line num="35" count="25" type="cond" truecount="4" falsecount="1"/>
      <line num="39" count="0" type="stmt"/>
      <line num="41" count="25" type="cond" truecount="4" falsecount="1"/>
      <line num="45" count="0" type="stmt"/>
      <line num="48" count="5" type="stmt"/>
      <line num="51" count="0" type="stmt"/>
      <line num="52" count="0" type="cond" truecount="0" falsecount="4"/>
      <line num="53" count="0" type="stmt"/>
      <line num="55" count="0" type="stmt"/>
      <line num="56" count="0" type="stmt"/>
      <line num="61" count="0" type="stmt"/>
      <line num="65" count="0" type="cond" truecount="0" falsecount="2"/>
      <line num="66" count="0" type="stmt"/>
      <line num="68" count="0" type="stmt"/>
      <line num="74" count="0" type="stmt"/>
      <line num="75" count="0" type="stmt"/>
    </file>
    <file name="Store.js" path="/Users/roquendo/code/js-core/lib/Store.js">
      <metrics statements="23" coveredstatements="23" conditionals="25" coveredconditionals="25" methods="1" coveredmethods="1"/>
      <line num="3" count="9" type="stmt"/>
      <line num="4" count="9" type="stmt"/>
      <line num="5" count="9" type="cond" truecount="2" falsecount="0"/>
      <line num="6" count="9" type="cond" truecount="2" falsecount="0"/>
      <line num="7" count="9" type="cond" truecount="2" falsecount="0"/>
      <line num="8" count="4" type="stmt"/>
      <line num="9" count="4" type="stmt"/>
      <line num="10" count="4" type="stmt"/>
      <line num="24" count="4" type="stmt"/>
      <line num="25" count="4" type="cond" truecount="2" falsecount="0"/>
      <line num="26" count="4" type="stmt"/>
      <line num="28" count="9" type="stmt"/>
      <line num="29" count="9" type="cond" truecount="2" falsecount="0"/>
      <line num="30" count="6" type="cond" truecount="2" falsecount="0"/>
      <line num="31" count="6" type="stmt"/>
      <line num="32" count="6" type="cond" truecount="2" falsecount="0"/>
      <line num="33" count="6" type="cond" truecount="2" falsecount="0"/>
      <line num="34" count="6" type="cond" truecount="2" falsecount="0"/>
      <line num="35" count="6" type="cond" truecount="2" falsecount="0"/>
      <line num="36" count="1" type="stmt"/>
      <line num="37" count="1" type="stmt"/>
      <line num="39" count="5" type="stmt"/>
      <line num="42" count="9" type="stmt"/>
    </file>
  </project>
</coverage>
