{"/Users/roquendo/code/rodolfoquendo/js-core/lib/Helpers.js": {"path":"/Users/roquendo/code/rodolfoquendo/js-core/lib/Helpers.js","statementMap":{"0":{"start":{"line":3,"column":8},"end":{"line":3,"column":51}},"1":{"start":{"line":6,"column":8},"end":{"line":6,"column":37}},"2":{"start":{"line":9,"column":8},"end":{"line":9,"column":57}},"3":{"start":{"line":12,"column":8},"end":{"line":12,"column":39}},"4":{"start":{"line":15,"column":8},"end":{"line":15,"column":44}},"5":{"start":{"line":18,"column":8},"end":{"line":18,"column":75}},"6":{"start":{"line":22,"column":8},"end":{"line":22,"column":89}},"7":{"start":{"line":23,"column":16},"end":{"line":23,"column":48}},"8":{"start":{"line":24,"column":19},"end":{"line":24,"column":64}},"9":{"start":{"line":25,"column":16},"end":{"line":25,"column":18}},"10":{"start":{"line":26,"column":25},"end":{"line":29,"column":13}},"11":{"start":{"line":27,"column":24},"end":{"line":27,"column":42}},"12":{"start":{"line":28,"column":16},"end":{"line":28,"column":50}},"13":{"start":{"line":31,"column":8},"end":{"line":31,"column":73}},"14":{"start":{"line":32,"column":8},"end":{"line":34,"column":9}},"15":{"start":{"line":33,"column":12},"end":{"line":33,"column":64}},"16":{"start":{"line":35,"column":8},"end":{"line":38,"column":9}},"17":{"start":{"line":36,"column":12},"end":{"line":36,"column":30}},"18":{"start":{"line":37,"column":12},"end":{"line":37,"column":64}},"19":{"start":{"line":39,"column":8},"end":{"line":39,"column":27}}},"fnMap":{"0":{"name":"(anonymous_0)","decl":{"start":{"line":2,"column":4},"end":{"line":2,"column":5}},"loc":{"start":{"line":2,"column":28},"end":{"line":4,"column":5}},"line":2},"1":{"name":"(anonymous_1)","decl":{"start":{"line":5,"column":4},"end":{"line":5,"column":5}},"loc":{"start":{"line":5,"column":28},"end":{"line":7,"column":5}},"line":5},"2":{"name":"(anonymous_2)","decl":{"start":{"line":8,"column":4},"end":{"line":8,"column":5}},"loc":{"start":{"line":8,"column":29},"end":{"line":10,"column":5}},"line":8},"3":{"name":"(anonymous_3)","decl":{"start":{"line":11,"column":4},"end":{"line":11,"column":5}},"loc":{"start":{"line":11,"column":31},"end":{"line":13,"column":5}},"line":11},"4":{"name":"(anonymous_4)","decl":{"start":{"line":14,"column":4},"end":{"line":14,"column":5}},"loc":{"start":{"line":14,"column":32},"end":{"line":16,"column":5}},"line":14},"5":{"name":"(anonymous_5)","decl":{"start":{"line":17,"column":4},"end":{"line":17,"column":5}},"loc":{"start":{"line":17,"column":39},"end":{"line":19,"column":5}},"line":17},"6":{"name":"(anonymous_6)","decl":{"start":{"line":20,"column":4},"end":{"line":20,"column":5}},"loc":{"start":{"line":20,"column":70},"end":{"line":40,"column":5}},"line":20},"7":{"name":"(anonymous_7)","decl":{"start":{"line":26,"column":25},"end":{"line":26,"column":26}},"loc":{"start":{"line":26,"column":44},"end":{"line":29,"column":13}},"line":26}},"branchMap":{"0":{"loc":{"start":{"line":9,"column":15},"end":{"line":9,"column":56}},"type":"binary-expr","locations":[{"start":{"line":9,"column":15},"end":{"line":9,"column":35}},{"start":{"line":9,"column":39},"end":{"line":9,"column":56}}],"line":9},"1":{"loc":{"start":{"line":18,"column":15},"end":{"line":18,"column":74}},"type":"cond-expr","locations":[{"start":{"line":18,"column":41},"end":{"line":18,"column":66}},{"start":{"line":18,"column":69},"end":{"line":18,"column":74}}],"line":18},"2":{"loc":{"start":{"line":20,"column":34},"end":{"line":20,"column":46}},"type":"default-arg","locations":[{"start":{"line":20,"column":45},"end":{"line":20,"column":46}}],"line":20},"3":{"loc":{"start":{"line":20,"column":48},"end":{"line":20,"column":57}},"type":"default-arg","locations":[{"start":{"line":20,"column":54},"end":{"line":20,"column":57}}],"line":20},"4":{"loc":{"start":{"line":20,"column":59},"end":{"line":20,"column":67}},"type":"default-arg","locations":[{"start":{"line":20,"column":65},"end":{"line":20,"column":67}}],"line":20},"5":{"loc":{"start":{"line":22,"column":17},"end":{"line":22,"column":88}},"type":"cond-expr","locations":[{"start":{"line":22,"column":37},"end":{"line":22,"column":79}},{"start":{"line":22,"column":82},"end":{"line":22,"column":88}}],"line":22},"6":{"loc":{"start":{"line":23,"column":16},"end":{"line":23,"column":48}},"type":"cond-expr","locations":[{"start":{"line":23,"column":37},"end":{"line":23,"column":38}},{"start":{"line":23,"column":41},"end":{"line":23,"column":48}}],"line":23},"7":{"loc":{"start":{"line":24,"column":19},"end":{"line":24,"column":64}},"type":"cond-expr","locations":[{"start":{"line":24,"column":42},"end":{"line":24,"column":43}},{"start":{"line":24,"column":46},"end":{"line":24,"column":64}}],"line":24},"8":{"loc":{"start":{"line":31,"column":13},"end":{"line":31,"column":60}},"type":"cond-expr","locations":[{"start":{"line":31,"column":20},"end":{"line":31,"column":39}},{"start":{"line":31,"column":42},"end":{"line":31,"column":60}}],"line":31},"9":{"loc":{"start":{"line":32,"column":8},"end":{"line":34,"column":9}},"type":"if","locations":[{"start":{"line":32,"column":8},"end":{"line":34,"column":9}},{"start":{},"end":{}}],"line":32},"10":{"loc":{"start":{"line":35,"column":8},"end":{"line":38,"column":9}},"type":"if","locations":[{"start":{"line":35,"column":8},"end":{"line":38,"column":9}},{"start":{},"end":{}}],"line":35},"11":{"loc":{"start":{"line":35,"column":13},"end":{"line":35,"column":23}},"type":"binary-expr","locations":[{"start":{"line":35,"column":13},"end":{"line":35,"column":17}},{"start":{"line":35,"column":21},"end":{"line":35,"column":23}}],"line":35},"12":{"loc":{"start":{"line":36,"column":19},"end":{"line":36,"column":29}},"type":"binary-expr","locations":[{"start":{"line":36,"column":19},"end":{"line":36,"column":23}},{"start":{"line":36,"column":27},"end":{"line":36,"column":29}}],"line":36}},"s":{"0":381,"1":39,"2":183,"3":10,"4":3,"5":6,"6":8,"7":8,"8":8,"9":8,"10":8,"11":6,"12":6,"13":8,"14":8,"15":1,"16":8,"17":6,"18":6,"19":8},"f":{"0":381,"1":39,"2":183,"3":10,"4":3,"5":6,"6":8,"7":6},"b":{"0":[183,181],"1":[3,3],"2":[2],"3":[7],"4":[7],"5":[6,2],"6":[2,6],"7":[2,6],"8":[6,2],"9":[1,7],"10":[6,2],"11":[8,8],"12":[6,6]},"_coverageSchema":"1a1c01bbd47fc00a2c39e90264f33305004495a9","hash":"827b5cc8d04696615231cf18ef255d14d52ba3b9"}
,"/Users/roquendo/code/rodolfoquendo/js-core/lib/Statistics.js": {"path":"/Users/roquendo/code/rodolfoquendo/js-core/lib/Statistics.js","statementMap":{"0":{"start":{"line":4,"column":15},"end":{"line":4,"column":17}},"1":{"start":{"line":5,"column":22},"end":{"line":5,"column":27}},"2":{"start":{"line":7,"column":8},"end":{"line":7,"column":32}},"3":{"start":{"line":8,"column":8},"end":{"line":8,"column":20}},"4":{"start":{"line":11,"column":8},"end":{"line":13,"column":9}},"5":{"start":{"line":12,"column":12},"end":{"line":12,"column":25}},"6":{"start":{"line":14,"column":19},"end":{"line":14,"column":21}},"7":{"start":{"line":15,"column":8},"end":{"line":50,"column":11}},"8":{"start":{"line":16,"column":25},"end":{"line":16,"column":26}},"9":{"start":{"line":17,"column":12},"end":{"line":19,"column":13}},"10":{"start":{"line":18,"column":16},"end":{"line":18,"column":48}},"11":{"start":{"line":20,"column":12},"end":{"line":25,"column":13}},"12":{"start":{"line":24,"column":16},"end":{"line":24,"column":48}},"13":{"start":{"line":26,"column":12},"end":{"line":31,"column":13}},"14":{"start":{"line":30,"column":16},"end":{"line":30,"column":48}},"15":{"start":{"line":32,"column":12},"end":{"line":37,"column":13}},"16":{"start":{"line":36,"column":16},"end":{"line":36,"column":48}},"17":{"start":{"line":38,"column":12},"end":{"line":43,"column":13}},"18":{"start":{"line":42,"column":16},"end":{"line":42,"column":48}},"19":{"start":{"line":44,"column":12},"end":{"line":49,"column":13}},"20":{"start":{"line":48,"column":16},"end":{"line":48,"column":48}},"21":{"start":{"line":51,"column":8},"end":{"line":51,"column":20}},"22":{"start":{"line":54,"column":8},"end":{"line":54,"column":84}},"23":{"start":{"line":57,"column":8},"end":{"line":57,"column":73}},"24":{"start":{"line":60,"column":8},"end":{"line":62,"column":9}},"25":{"start":{"line":61,"column":12},"end":{"line":61,"column":25}},"26":{"start":{"line":63,"column":8},"end":{"line":63,"column":35}},"27":{"start":{"line":64,"column":23},"end":{"line":68,"column":10}},"28":{"start":{"line":69,"column":8},"end":{"line":69,"column":36}},"29":{"start":{"line":70,"column":8},"end":{"line":70,"column":24}},"30":{"start":{"line":73,"column":8},"end":{"line":75,"column":9}},"31":{"start":{"line":74,"column":12},"end":{"line":74,"column":25}},"32":{"start":{"line":76,"column":8},"end":{"line":78,"column":9}},"33":{"start":{"line":77,"column":12},"end":{"line":77,"column":34}},"34":{"start":{"line":79,"column":8},"end":{"line":82,"column":17}},"35":{"start":{"line":83,"column":8},"end":{"line":83,"column":67}},"36":{"start":{"line":86,"column":22},"end":{"line":86,"column":38}},"37":{"start":{"line":87,"column":8},"end":{"line":87,"column":34}},"38":{"start":{"line":88,"column":8},"end":{"line":90,"column":9}},"39":{"start":{"line":89,"column":12},"end":{"line":89,"column":25}},"40":{"start":{"line":91,"column":8},"end":{"line":91,"column":22}},"41":{"start":{"line":92,"column":8},"end":{"line":92,"column":21}}},"fnMap":{"0":{"name":"(anonymous_0)","decl":{"start":{"line":6,"column":4},"end":{"line":6,"column":5}},"loc":{"start":{"line":6,"column":23},"end":{"line":9,"column":5}},"line":6},"1":{"name":"(anonymous_1)","decl":{"start":{"line":10,"column":4},"end":{"line":10,"column":5}},"loc":{"start":{"line":10,"column":15},"end":{"line":52,"column":5}},"line":10},"2":{"name":"(anonymous_2)","decl":{"start":{"line":15,"column":30},"end":{"line":15,"column":31}},"loc":{"start":{"line":15,"column":40},"end":{"line":50,"column":9}},"line":15},"3":{"name":"(anonymous_3)","decl":{"start":{"line":53,"column":4},"end":{"line":53,"column":5}},"loc":{"start":{"line":53,"column":9},"end":{"line":55,"column":5}},"line":53},"4":{"name":"(anonymous_4)","decl":{"start":{"line":56,"column":4},"end":{"line":56,"column":5}},"loc":{"start":{"line":56,"column":13},"end":{"line":58,"column":5}},"line":56},"5":{"name":"(anonymous_5)","decl":{"start":{"line":59,"column":4},"end":{"line":59,"column":5}},"loc":{"start":{"line":59,"column":18},"end":{"line":71,"column":5}},"line":59},"6":{"name":"(anonymous_6)","decl":{"start":{"line":72,"column":4},"end":{"line":72,"column":5}},"loc":{"start":{"line":72,"column":11},"end":{"line":84,"column":5}},"line":72},"7":{"name":"(anonymous_7)","decl":{"start":{"line":79,"column":59},"end":{"line":79,"column":60}},"loc":{"start":{"line":79,"column":69},"end":{"line":82,"column":9}},"line":79},"8":{"name":"(anonymous_8)","decl":{"start":{"line":85,"column":4},"end":{"line":85,"column":5}},"loc":{"start":{"line":85,"column":29},"end":{"line":93,"column":5}},"line":85}},"branchMap":{"0":{"loc":{"start":{"line":11,"column":8},"end":{"line":13,"column":9}},"type":"if","locations":[{"start":{"line":11,"column":8},"end":{"line":13,"column":9}},{"start":{},"end":{}}],"line":11},"1":{"loc":{"start":{"line":17,"column":12},"end":{"line":19,"column":13}},"type":"if","locations":[{"start":{"line":17,"column":12},"end":{"line":19,"column":13}},{"start":{},"end":{}}],"line":17},"2":{"loc":{"start":{"line":20,"column":12},"end":{"line":25,"column":13}},"type":"if","locations":[{"start":{"line":20,"column":12},"end":{"line":25,"column":13}},{"start":{},"end":{}}],"line":20},"3":{"loc":{"start":{"line":20,"column":15},"end":{"line":22,"column":79}},"type":"binary-expr","locations":[{"start":{"line":20,"column":15},"end":{"line":20,"column":47}},{"start":{"line":21,"column":19},"end":{"line":21,"column":54}},{"start":{"line":22,"column":19},"end":{"line":22,"column":79}}],"line":20},"4":{"loc":{"start":{"line":26,"column":12},"end":{"line":31,"column":13}},"type":"if","locations":[{"start":{"line":26,"column":12},"end":{"line":31,"column":13}},{"start":{},"end":{}}],"line":26},"5":{"loc":{"start":{"line":26,"column":15},"end":{"line":28,"column":81}},"type":"binary-expr","locations":[{"start":{"line":26,"column":15},"end":{"line":26,"column":50}},{"start":{"line":27,"column":19},"end":{"line":27,"column":57}},{"start":{"line":28,"column":19},"end":{"line":28,"column":81}}],"line":26},"6":{"loc":{"start":{"line":32,"column":12},"end":{"line":37,"column":13}},"type":"if","locations":[{"start":{"line":32,"column":12},"end":{"line":37,"column":13}},{"start":{},"end":{}}],"line":32},"7":{"loc":{"start":{"line":32,"column":15},"end":{"line":34,"column":92}},"type":"binary-expr","locations":[{"start":{"line":32,"column":15},"end":{"line":32,"column":49}},{"start":{"line":33,"column":19},"end":{"line":33,"column":56}},{"start":{"line":34,"column":19},"end":{"line":34,"column":92}}],"line":32},"8":{"loc":{"start":{"line":38,"column":12},"end":{"line":43,"column":13}},"type":"if","locations":[{"start":{"line":38,"column":12},"end":{"line":43,"column":13}},{"start":{},"end":{}}],"line":38},"9":{"loc":{"start":{"line":38,"column":15},"end":{"line":40,"column":95}},"type":"binary-expr","locations":[{"start":{"line":38,"column":15},"end":{"line":38,"column":45}},{"start":{"line":39,"column":19},"end":{"line":39,"column":52}},{"start":{"line":40,"column":19},"end":{"line":40,"column":95}}],"line":38},"10":{"loc":{"start":{"line":44,"column":12},"end":{"line":49,"column":13}},"type":"if","locations":[{"start":{"line":44,"column":12},"end":{"line":49,"column":13}},{"start":{},"end":{}}],"line":44},"11":{"loc":{"start":{"line":44,"column":15},"end":{"line":46,"column":67}},"type":"binary-expr","locations":[{"start":{"line":44,"column":15},"end":{"line":44,"column":47}},{"start":{"line":45,"column":19},"end":{"line":45,"column":54}},{"start":{"line":46,"column":19},"end":{"line":46,"column":67}}],"line":44},"12":{"loc":{"start":{"line":57,"column":15},"end":{"line":57,"column":72}},"type":"binary-expr","locations":[{"start":{"line":57,"column":15},"end":{"line":57,"column":43}},{"start":{"line":57,"column":48},"end":{"line":57,"column":72}}],"line":57},"13":{"loc":{"start":{"line":60,"column":8},"end":{"line":62,"column":9}},"type":"if","locations":[{"start":{"line":60,"column":8},"end":{"line":62,"column":9}},{"start":{},"end":{}}],"line":60},"14":{"loc":{"start":{"line":60,"column":11},"end":{"line":60,"column":49}},"type":"binary-expr","locations":[{"start":{"line":60,"column":11},"end":{"line":60,"column":26}},{"start":{"line":60,"column":30},"end":{"line":60,"column":49}}],"line":60},"15":{"loc":{"start":{"line":73,"column":8},"end":{"line":75,"column":9}},"type":"if","locations":[{"start":{"line":73,"column":8},"end":{"line":75,"column":9}},{"start":{},"end":{}}],"line":73},"16":{"loc":{"start":{"line":76,"column":8},"end":{"line":78,"column":9}},"type":"if","locations":[{"start":{"line":76,"column":8},"end":{"line":78,"column":9}},{"start":{},"end":{}}],"line":76},"17":{"loc":{"start":{"line":85,"column":16},"end":{"line":85,"column":28}},"type":"default-arg","locations":[{"start":{"line":85,"column":26},"end":{"line":85,"column":28}}],"line":85},"18":{"loc":{"start":{"line":88,"column":8},"end":{"line":90,"column":9}},"type":"if","locations":[{"start":{"line":88,"column":8},"end":{"line":90,"column":9}},{"start":{},"end":{}}],"line":88}},"s":{"0":8,"1":1,"2":5,"3":5,"4":7,"5":1,"6":6,"7":6,"8":30,"9":30,"10":30,"11":30,"12":4,"13":30,"14":1,"15":30,"16":6,"17":30,"18":6,"19":30,"20":6,"21":6,"22":18,"23":17,"24":2,"25":1,"26":1,"27":1,"28":1,"29":1,"30":4,"31":1,"32":3,"33":1,"34":3,"35":3,"36":4,"37":4,"38":4,"39":2,"40":2,"41":2},"f":{"0":5,"1":7,"2":30,"3":18,"4":17,"5":2,"6":4,"7":0,"8":4},"b":{"0":[1,6],"1":[30,0],"2":[4,26],"3":[30,30,6],"4":[1,29],"5":[30,30,6],"6":[6,24],"7":[30,30,6],"8":[6,24],"9":[30,24,6],"10":[6,24],"11":[30,30,6],"12":[17,13],"13":[1,1],"14":[2,1],"15":[1,3],"16":[1,2],"17":[1],"18":[2,2]},"_coverageSchema":"1a1c01bbd47fc00a2c39e90264f33305004495a9","hash":"1c6ac3936a630cf12253df398a79af8ae6916060"}
,"/Users/roquendo/code/rodolfoquendo/js-core/lib/Store.js": {"path":"/Users/roquendo/code/rodolfoquendo/js-core/lib/Store.js","statementMap":{"0":{"start":{"line":3,"column":28},"end":{"line":3,"column":38}},"1":{"start":{"line":4,"column":26},"end":{"line":4,"column":47}},"2":{"start":{"line":5,"column":8},"end":{"line":5,"column":39}},"3":{"start":{"line":6,"column":8},"end":{"line":6,"column":47}},"4":{"start":{"line":7,"column":8},"end":{"line":27,"column":9}},"5":{"start":{"line":8,"column":35},"end":{"line":8,"column":45}},"6":{"start":{"line":9,"column":12},"end":{"line":9,"column":54}},"7":{"start":{"line":10,"column":12},"end":{"line":23,"column":14}},"8":{"start":{"line":24,"column":12},"end":{"line":24,"column":42}},"9":{"start":{"line":25,"column":12},"end":{"line":25,"column":49}},"10":{"start":{"line":26,"column":12},"end":{"line":26,"column":45}},"11":{"start":{"line":28,"column":8},"end":{"line":28,"column":42}},"12":{"start":{"line":29,"column":8},"end":{"line":41,"column":9}},"13":{"start":{"line":30,"column":12},"end":{"line":30,"column":49}},"14":{"start":{"line":31,"column":12},"end":{"line":31,"column":38}},"15":{"start":{"line":32,"column":42},"end":{"line":32,"column":103}},"16":{"start":{"line":33,"column":29},"end":{"line":33,"column":99}},"17":{"start":{"line":34,"column":29},"end":{"line":34,"column":71}},"18":{"start":{"line":35,"column":12},"end":{"line":40,"column":13}},"19":{"start":{"line":36,"column":16},"end":{"line":36,"column":29}},"20":{"start":{"line":37,"column":16},"end":{"line":37,"column":45}},"21":{"start":{"line":39,"column":16},"end":{"line":39,"column":36}},"22":{"start":{"line":42,"column":8},"end":{"line":42,"column":21}}},"fnMap":{"0":{"name":"(anonymous_0)","decl":{"start":{"line":2,"column":4},"end":{"line":2,"column":5}},"loc":{"start":{"line":2,"column":65},"end":{"line":43,"column":5}},"line":2}},"branchMap":{"0":{"loc":{"start":{"line":2,"column":24},"end":{"line":2,"column":36}},"type":"default-arg","locations":[{"start":{"line":2,"column":32},"end":{"line":2,"column":36}}],"line":2},"1":{"loc":{"start":{"line":2,"column":38},"end":{"line":2,"column":48}},"type":"default-arg","locations":[{"start":{"line":2,"column":44},"end":{"line":2,"column":48}}],"line":2},"2":{"loc":{"start":{"line":2,"column":50},"end":{"line":2,"column":63}},"type":"default-arg","locations":[{"start":{"line":2,"column":59},"end":{"line":2,"column":63}}],"line":2},"3":{"loc":{"start":{"line":5,"column":14},"end":{"line":5,"column":38}},"type":"cond-expr","locations":[{"start":{"line":5,"column":23},"end":{"line":5,"column":32}},{"start":{"line":5,"column":35},"end":{"line":5,"column":38}}],"line":5},"4":{"loc":{"start":{"line":6,"column":14},"end":{"line":6,"column":46}},"type":"cond-expr","locations":[{"start":{"line":6,"column":29},"end":{"line":6,"column":39}},{"start":{"line":6,"column":42},"end":{"line":6,"column":46}}],"line":6},"5":{"loc":{"start":{"line":7,"column":8},"end":{"line":27,"column":9}},"type":"if","locations":[{"start":{"line":7,"column":8},"end":{"line":27,"column":9}},{"start":{},"end":{}}],"line":7},"6":{"loc":{"start":{"line":18,"column":30},"end":{"line":21,"column":28}},"type":"cond-expr","locations":[{"start":{"line":18,"column":45},"end":{"line":21,"column":21}},{"start":{"line":21,"column":24},"end":{"line":21,"column":28}}],"line":18},"7":{"loc":{"start":{"line":25,"column":20},"end":{"line":25,"column":48}},"type":"cond-expr","locations":[{"start":{"line":25,"column":29},"end":{"line":25,"column":40}},{"start":{"line":25,"column":43},"end":{"line":25,"column":48}}],"line":25},"8":{"loc":{"start":{"line":29,"column":8},"end":{"line":41,"column":9}},"type":"if","locations":[{"start":{"line":29,"column":8},"end":{"line":41,"column":9}},{"start":{},"end":{}}],"line":29},"9":{"loc":{"start":{"line":30,"column":20},"end":{"line":30,"column":48}},"type":"cond-expr","locations":[{"start":{"line":30,"column":29},"end":{"line":30,"column":40}},{"start":{"line":30,"column":43},"end":{"line":30,"column":48}}],"line":30},"10":{"loc":{"start":{"line":32,"column":42},"end":{"line":32,"column":103}},"type":"cond-expr","locations":[{"start":{"line":32,"column":72},"end":{"line":32,"column":95}},{"start":{"line":32,"column":99},"end":{"line":32,"column":103}}],"line":32},"11":{"loc":{"start":{"line":33,"column":29},"end":{"line":33,"column":99}},"type":"cond-expr","locations":[{"start":{"line":33,"column":45},"end":{"line":33,"column":74}},{"start":{"line":33,"column":78},"end":{"line":33,"column":99}}],"line":33},"12":{"loc":{"start":{"line":34,"column":29},"end":{"line":34,"column":71}},"type":"binary-expr","locations":[{"start":{"line":34,"column":29},"end":{"line":34,"column":45}},{"start":{"line":34,"column":49},"end":{"line":34,"column":71}}],"line":34},"13":{"loc":{"start":{"line":35,"column":12},"end":{"line":40,"column":13}},"type":"if","locations":[{"start":{"line":35,"column":12},"end":{"line":40,"column":13}},{"start":{"line":38,"column":17},"end":{"line":40,"column":13}}],"line":35}},"s":{"0":9,"1":9,"2":9,"3":9,"4":9,"5":4,"6":4,"7":4,"8":4,"9":4,"10":4,"11":9,"12":9,"13":6,"14":6,"15":6,"16":6,"17":6,"18":6,"19":1,"20":1,"21":5,"22":9},"f":{"0":9},"b":{"0":[3],"1":[7],"2":[8],"3":[8,1],"4":[1,8],"5":[4,5],"6":[1,3],"7":[3,1],"8":[6,3],"9":[5,1],"10":[3,3],"11":[1,5],"12":[6,3],"13":[1,5]},"_coverageSchema":"1a1c01bbd47fc00a2c39e90264f33305004495a9","hash":"a9293bcf1250415e1032722fd9cc971ccd606970"}
}
