{"/Users/roquendo/code/js-core/lib/Helpers.js": {"path":"/Users/roquendo/code/js-core/lib/Helpers.js","statementMap":{"0":{"start":{"line":3,"column":8},"end":{"line":3,"column":51}},"1":{"start":{"line":6,"column":8},"end":{"line":6,"column":37}},"2":{"start":{"line":9,"column":8},"end":{"line":9,"column":57}},"3":{"start":{"line":12,"column":8},"end":{"line":12,"column":39}},"4":{"start":{"line":15,"column":8},"end":{"line":15,"column":44}},"5":{"start":{"line":18,"column":8},"end":{"line":18,"column":75}},"6":{"start":{"line":22,"column":8},"end":{"line":22,"column":89}},"7":{"start":{"line":23,"column":16},"end":{"line":23,"column":48}},"8":{"start":{"line":24,"column":19},"end":{"line":24,"column":64}},"9":{"start":{"line":25,"column":16},"end":{"line":25,"column":18}},"10":{"start":{"line":26,"column":25},"end":{"line":29,"column":13}},"11":{"start":{"line":27,"column":24},"end":{"line":27,"column":42}},"12":{"start":{"line":28,"column":16},"end":{"line":28,"column":50}},"13":{"start":{"line":31,"column":8},"end":{"line":31,"column":73}},"14":{"start":{"line":32,"column":8},"end":{"line":34,"column":9}},"15":{"start":{"line":33,"column":12},"end":{"line":33,"column":64}},"16":{"start":{"line":35,"column":8},"end":{"line":38,"column":9}},"17":{"start":{"line":36,"column":12},"end":{"line":36,"column":30}},"18":{"start":{"line":37,"column":12},"end":{"line":37,"column":64}},"19":{"start":{"line":39,"column":8},"end":{"line":39,"column":27}}},"fnMap":{"0":{"name":"(anonymous_0)","decl":{"start":{"line":2,"column":4},"end":{"line":2,"column":5}},"loc":{"start":{"line":2,"column":28},"end":{"line":4,"column":5}},"line":2},"1":{"name":"(anonymous_1)","decl":{"start":{"line":5,"column":4},"end":{"line":5,"column":5}},"loc":{"start":{"line":5,"column":28},"end":{"line":7,"column":5}},"line":5},"2":{"name":"(anonymous_2)","decl":{"start":{"line":8,"column":4},"end":{"line":8,"column":5}},"loc":{"start":{"line":8,"column":29},"end":{"line":10,"column":5}},"line":8},"3":{"name":"(anonymous_3)","decl":{"start":{"line":11,"column":4},"end":{"line":11,"column":5}},"loc":{"start":{"line":11,"column":31},"end":{"line":13,"column":5}},"line":11},"4":{"name":"(anonymous_4)","decl":{"start":{"line":14,"column":4},"end":{"line":14,"column":5}},"loc":{"start":{"line":14,"column":32},"end":{"line":16,"column":5}},"line":14},"5":{"name":"(anonymous_5)","decl":{"start":{"line":17,"column":4},"end":{"line":17,"column":5}},"loc":{"start":{"line":17,"column":39},"end":{"line":19,"column":5}},"line":17},"6":{"name":"(anonymous_6)","decl":{"start":{"line":20,"column":4},"end":{"line":20,"column":5}},"loc":{"start":{"line":20,"column":70},"end":{"line":40,"column":5}},"line":20},"7":{"name":"(anonymous_7)","decl":{"start":{"line":26,"column":25},"end":{"line":26,"column":26}},"loc":{"start":{"line":26,"column":44},"end":{"line":29,"column":13}},"line":26}},"branchMap":{"0":{"loc":{"start":{"line":9,"column":15},"end":{"line":9,"column":56}},"type":"binary-expr","locations":[{"start":{"line":9,"column":15},"end":{"line":9,"column":35}},{"start":{"line":9,"column":39},"end":{"line":9,"column":56}}],"line":9},"1":{"loc":{"start":{"line":18,"column":15},"end":{"line":18,"column":74}},"type":"cond-expr","locations":[{"start":{"line":18,"column":41},"end":{"line":18,"column":66}},{"start":{"line":18,"column":69},"end":{"line":18,"column":74}}],"line":18},"2":{"loc":{"start":{"line":20,"column":34},"end":{"line":20,"column":46}},"type":"default-arg","locations":[{"start":{"line":20,"column":45},"end":{"line":20,"column":46}}],"line":20},"3":{"loc":{"start":{"line":20,"column":48},"end":{"line":20,"column":57}},"type":"default-arg","locations":[{"start":{"line":20,"column":54},"end":{"line":20,"column":57}}],"line":20},"4":{"loc":{"start":{"line":20,"column":59},"end":{"line":20,"column":67}},"type":"default-arg","locations":[{"start":{"line":20,"column":65},"end":{"line":20,"column":67}}],"line":20},"5":{"loc":{"start":{"line":22,"column":17},"end":{"line":22,"column":88}},"type":"cond-expr","locations":[{"start":{"line":22,"column":37},"end":{"line":22,"column":79}},{"start":{"line":22,"column":82},"end":{"line":22,"column":88}}],"line":22},"6":{"loc":{"start":{"line":23,"column":16},"end":{"line":23,"column":48}},"type":"cond-expr","locations":[{"start":{"line":23,"column":37},"end":{"line":23,"column":38}},{"start":{"line":23,"column":41},"end":{"line":23,"column":48}}],"line":23},"7":{"loc":{"start":{"line":24,"column":19},"end":{"line":24,"column":64}},"type":"cond-expr","locations":[{"start":{"line":24,"column":42},"end":{"line":24,"column":43}},{"start":{"line":24,"column":46},"end":{"line":24,"column":64}}],"line":24},"8":{"loc":{"start":{"line":31,"column":13},"end":{"line":31,"column":60}},"type":"cond-expr","locations":[{"start":{"line":31,"column":20},"end":{"line":31,"column":39}},{"start":{"line":31,"column":42},"end":{"line":31,"column":60}}],"line":31},"9":{"loc":{"start":{"line":32,"column":8},"end":{"line":34,"column":9}},"type":"if","locations":[{"start":{"line":32,"column":8},"end":{"line":34,"column":9}},{"start":{},"end":{}}],"line":32},"10":{"loc":{"start":{"line":35,"column":8},"end":{"line":38,"column":9}},"type":"if","locations":[{"start":{"line":35,"column":8},"end":{"line":38,"column":9}},{"start":{},"end":{}}],"line":35},"11":{"loc":{"start":{"line":35,"column":13},"end":{"line":35,"column":23}},"type":"binary-expr","locations":[{"start":{"line":35,"column":13},"end":{"line":35,"column":17}},{"start":{"line":35,"column":21},"end":{"line":35,"column":23}}],"line":35},"12":{"loc":{"start":{"line":36,"column":19},"end":{"line":36,"column":29}},"type":"binary-expr","locations":[{"start":{"line":36,"column":19},"end":{"line":36,"column":23}},{"start":{"line":36,"column":27},"end":{"line":36,"column":29}}],"line":36}},"s":{"0":306,"1":31,"2":139,"3":10,"4":3,"5":6,"6":8,"7":8,"8":8,"9":8,"10":8,"11":6,"12":6,"13":8,"14":8,"15":1,"16":8,"17":6,"18":6,"19":8},"f":{"0":306,"1":31,"2":139,"3":10,"4":3,"5":6,"6":8,"7":6},"b":{"0":[139,137],"1":[3,3],"2":[2],"3":[7],"4":[7],"5":[6,2],"6":[2,6],"7":[2,6],"8":[6,2],"9":[1,7],"10":[6,2],"11":[8,8],"12":[6,6]},"_coverageSchema":"1a1c01bbd47fc00a2c39e90264f33305004495a9","hash":"6fc2d94994e7060a45ca351a2f8acdc16b5ceb7f"}
,"/Users/roquendo/code/js-core/lib/Statistics.js": {"path":"/Users/roquendo/code/js-core/lib/Statistics.js","statementMap":{"0":{"start":{"line":4,"column":15},"end":{"line":4,"column":17}},"1":{"start":{"line":5,"column":22},"end":{"line":5,"column":27}},"2":{"start":{"line":7,"column":8},"end":{"line":7,"column":32}},"3":{"start":{"line":8,"column":8},"end":{"line":8,"column":20}},"4":{"start":{"line":11,"column":19},"end":{"line":11,"column":21}},"5":{"start":{"line":12,"column":8},"end":{"line":47,"column":11}},"6":{"start":{"line":13,"column":25},"end":{"line":13,"column":26}},"7":{"start":{"line":14,"column":12},"end":{"line":16,"column":13}},"8":{"start":{"line":15,"column":16},"end":{"line":15,"column":48}},"9":{"start":{"line":17,"column":12},"end":{"line":22,"column":13}},"10":{"start":{"line":21,"column":16},"end":{"line":21,"column":48}},"11":{"start":{"line":23,"column":12},"end":{"line":28,"column":13}},"12":{"start":{"line":27,"column":16},"end":{"line":27,"column":48}},"13":{"start":{"line":29,"column":12},"end":{"line":34,"column":13}},"14":{"start":{"line":33,"column":16},"end":{"line":33,"column":48}},"15":{"start":{"line":35,"column":12},"end":{"line":40,"column":13}},"16":{"start":{"line":39,"column":16},"end":{"line":39,"column":48}},"17":{"start":{"line":41,"column":12},"end":{"line":46,"column":13}},"18":{"start":{"line":45,"column":16},"end":{"line":45,"column":48}},"19":{"start":{"line":48,"column":8},"end":{"line":48,"column":20}},"20":{"start":{"line":51,"column":20},"end":{"line":51,"column":88}},"21":{"start":{"line":52,"column":8},"end":{"line":54,"column":9}},"22":{"start":{"line":53,"column":12},"end":{"line":53,"column":24}},"23":{"start":{"line":55,"column":8},"end":{"line":55,"column":35}},"24":{"start":{"line":56,"column":8},"end":{"line":62,"column":11}},"25":{"start":{"line":61,"column":12},"end":{"line":61,"column":40}},"26":{"start":{"line":65,"column":8},"end":{"line":67,"column":9}},"27":{"start":{"line":66,"column":12},"end":{"line":66,"column":34}},"28":{"start":{"line":68,"column":8},"end":{"line":71,"column":17}},"29":{"start":{"line":74,"column":22},"end":{"line":74,"column":45}},"30":{"start":{"line":75,"column":8},"end":{"line":75,"column":29}}},"fnMap":{"0":{"name":"(anonymous_0)","decl":{"start":{"line":6,"column":4},"end":{"line":6,"column":5}},"loc":{"start":{"line":6,"column":23},"end":{"line":9,"column":5}},"line":6},"1":{"name":"(anonymous_1)","decl":{"start":{"line":10,"column":4},"end":{"line":10,"column":5}},"loc":{"start":{"line":10,"column":15},"end":{"line":49,"column":5}},"line":10},"2":{"name":"(anonymous_2)","decl":{"start":{"line":12,"column":30},"end":{"line":12,"column":31}},"loc":{"start":{"line":12,"column":40},"end":{"line":47,"column":9}},"line":12},"3":{"name":"(anonymous_3)","decl":{"start":{"line":50,"column":4},"end":{"line":50,"column":5}},"loc":{"start":{"line":50,"column":12},"end":{"line":63,"column":5}},"line":50},"4":{"name":"(anonymous_4)","decl":{"start":{"line":60,"column":19},"end":{"line":60,"column":20}},"loc":{"start":{"line":60,"column":25},"end":{"line":62,"column":9}},"line":60},"5":{"name":"(anonymous_5)","decl":{"start":{"line":64,"column":4},"end":{"line":64,"column":5}},"loc":{"start":{"line":64,"column":11},"end":{"line":72,"column":5}},"line":64},"6":{"name":"(anonymous_6)","decl":{"start":{"line":68,"column":59},"end":{"line":68,"column":60}},"loc":{"start":{"line":68,"column":69},"end":{"line":71,"column":9}},"line":68},"7":{"name":"(anonymous_7)","decl":{"start":{"line":73,"column":4},"end":{"line":73,"column":5}},"loc":{"start":{"line":73,"column":29},"end":{"line":76,"column":5}},"line":73}},"branchMap":{"0":{"loc":{"start":{"line":14,"column":12},"end":{"line":16,"column":13}},"type":"if","locations":[{"start":{"line":14,"column":12},"end":{"line":16,"column":13}},{"start":{},"end":{}}],"line":14},"1":{"loc":{"start":{"line":17,"column":12},"end":{"line":22,"column":13}},"type":"if","locations":[{"start":{"line":17,"column":12},"end":{"line":22,"column":13}},{"start":{},"end":{}}],"line":17},"2":{"loc":{"start":{"line":17,"column":15},"end":{"line":19,"column":79}},"type":"binary-expr","locations":[{"start":{"line":17,"column":15},"end":{"line":17,"column":47}},{"start":{"line":18,"column":19},"end":{"line":18,"column":54}},{"start":{"line":19,"column":19},"end":{"line":19,"column":79}}],"line":17},"3":{"loc":{"start":{"line":23,"column":12},"end":{"line":28,"column":13}},"type":"if","locations":[{"start":{"line":23,"column":12},"end":{"line":28,"column":13}},{"start":{},"end":{}}],"line":23},"4":{"loc":{"start":{"line":23,"column":15},"end":{"line":25,"column":81}},"type":"binary-expr","locations":[{"start":{"line":23,"column":15},"end":{"line":23,"column":50}},{"start":{"line":24,"column":19},"end":{"line":24,"column":57}},{"start":{"line":25,"column":19},"end":{"line":25,"column":81}}],"line":23},"5":{"loc":{"start":{"line":29,"column":12},"end":{"line":34,"column":13}},"type":"if","locations":[{"start":{"line":29,"column":12},"end":{"line":34,"column":13}},{"start":{},"end":{}}],"line":29},"6":{"loc":{"start":{"line":29,"column":15},"end":{"line":31,"column":92}},"type":"binary-expr","locations":[{"start":{"line":29,"column":15},"end":{"line":29,"column":49}},{"start":{"line":30,"column":19},"end":{"line":30,"column":56}},{"start":{"line":31,"column":19},"end":{"line":31,"column":92}}],"line":29},"7":{"loc":{"start":{"line":35,"column":12},"end":{"line":40,"column":13}},"type":"if","locations":[{"start":{"line":35,"column":12},"end":{"line":40,"column":13}},{"start":{},"end":{}}],"line":35},"8":{"loc":{"start":{"line":35,"column":15},"end":{"line":37,"column":95}},"type":"binary-expr","locations":[{"start":{"line":35,"column":15},"end":{"line":35,"column":45}},{"start":{"line":36,"column":19},"end":{"line":36,"column":52}},{"start":{"line":37,"column":19},"end":{"line":37,"column":95}}],"line":35},"9":{"loc":{"start":{"line":41,"column":12},"end":{"line":46,"column":13}},"type":"if","locations":[{"start":{"line":41,"column":12},"end":{"line":46,"column":13}},{"start":{},"end":{}}],"line":41},"10":{"loc":{"start":{"line":41,"column":15},"end":{"line":43,"column":67}},"type":"binary-expr","locations":[{"start":{"line":41,"column":15},"end":{"line":41,"column":47}},{"start":{"line":42,"column":19},"end":{"line":42,"column":54}},{"start":{"line":43,"column":19},"end":{"line":43,"column":67}}],"line":41},"11":{"loc":{"start":{"line":52,"column":8},"end":{"line":54,"column":9}},"type":"if","locations":[{"start":{"line":52,"column":8},"end":{"line":54,"column":9}},{"start":{},"end":{}}],"line":52},"12":{"loc":{"start":{"line":52,"column":11},"end":{"line":52,"column":54}},"type":"binary-expr","locations":[{"start":{"line":52,"column":11},"end":{"line":52,"column":30}},{"start":{"line":52,"column":34},"end":{"line":52,"column":54}}],"line":52},"13":{"loc":{"start":{"line":65,"column":8},"end":{"line":67,"column":9}},"type":"if","locations":[{"start":{"line":65,"column":8},"end":{"line":67,"column":9}},{"start":{},"end":{}}],"line":65},"14":{"loc":{"start":{"line":73,"column":16},"end":{"line":73,"column":28}},"type":"default-arg","locations":[{"start":{"line":73,"column":26},"end":{"line":73,"column":28}}],"line":73}},"s":{"0":1,"1":1,"2":1,"3":1,"4":5,"5":5,"6":25,"7":25,"8":25,"9":25,"10":3,"11":25,"12":2,"13":25,"14":4,"15":25,"16":0,"17":25,"18":0,"19":5,"20":0,"21":0,"22":0,"23":0,"24":0,"25":0,"26":0,"27":0,"28":0,"29":0,"30":0},"f":{"0":1,"1":5,"2":25,"3":0,"4":0,"5":0,"6":0,"7":0},"b":{"0":[25,0],"1":[3,22],"2":[25,25,5],"3":[2,23],"4":[25,25,5],"5":[4,21],"6":[25,25,5],"7":[0,25],"8":[25,20,5],"9":[0,25],"10":[25,25,5],"11":[0,0],"12":[0,0],"13":[0,0],"14":[0]},"_coverageSchema":"1a1c01bbd47fc00a2c39e90264f33305004495a9","hash":"2d256b7a28950369b87c53393ccbe5957d1f5598"}
,"/Users/roquendo/code/js-core/lib/Store.js": {"path":"/Users/roquendo/code/js-core/lib/Store.js","statementMap":{"0":{"start":{"line":3,"column":28},"end":{"line":3,"column":38}},"1":{"start":{"line":4,"column":26},"end":{"line":4,"column":47}},"2":{"start":{"line":5,"column":8},"end":{"line":5,"column":39}},"3":{"start":{"line":6,"column":8},"end":{"line":6,"column":47}},"4":{"start":{"line":7,"column":8},"end":{"line":27,"column":9}},"5":{"start":{"line":8,"column":35},"end":{"line":8,"column":45}},"6":{"start":{"line":9,"column":12},"end":{"line":9,"column":54}},"7":{"start":{"line":10,"column":12},"end":{"line":23,"column":14}},"8":{"start":{"line":24,"column":12},"end":{"line":24,"column":42}},"9":{"start":{"line":25,"column":12},"end":{"line":25,"column":49}},"10":{"start":{"line":26,"column":12},"end":{"line":26,"column":45}},"11":{"start":{"line":28,"column":8},"end":{"line":28,"column":42}},"12":{"start":{"line":29,"column":8},"end":{"line":41,"column":9}},"13":{"start":{"line":30,"column":12},"end":{"line":30,"column":49}},"14":{"start":{"line":31,"column":12},"end":{"line":31,"column":38}},"15":{"start":{"line":32,"column":42},"end":{"line":32,"column":103}},"16":{"start":{"line":33,"column":29},"end":{"line":33,"column":99}},"17":{"start":{"line":34,"column":29},"end":{"line":34,"column":71}},"18":{"start":{"line":35,"column":12},"end":{"line":40,"column":13}},"19":{"start":{"line":36,"column":16},"end":{"line":36,"column":29}},"20":{"start":{"line":37,"column":16},"end":{"line":37,"column":45}},"21":{"start":{"line":39,"column":16},"end":{"line":39,"column":36}},"22":{"start":{"line":42,"column":8},"end":{"line":42,"column":21}}},"fnMap":{"0":{"name":"(anonymous_0)","decl":{"start":{"line":2,"column":4},"end":{"line":2,"column":5}},"loc":{"start":{"line":2,"column":65},"end":{"line":43,"column":5}},"line":2}},"branchMap":{"0":{"loc":{"start":{"line":2,"column":24},"end":{"line":2,"column":36}},"type":"default-arg","locations":[{"start":{"line":2,"column":32},"end":{"line":2,"column":36}}],"line":2},"1":{"loc":{"start":{"line":2,"column":38},"end":{"line":2,"column":48}},"type":"default-arg","locations":[{"start":{"line":2,"column":44},"end":{"line":2,"column":48}}],"line":2},"2":{"loc":{"start":{"line":2,"column":50},"end":{"line":2,"column":63}},"type":"default-arg","locations":[{"start":{"line":2,"column":59},"end":{"line":2,"column":63}}],"line":2},"3":{"loc":{"start":{"line":5,"column":14},"end":{"line":5,"column":38}},"type":"cond-expr","locations":[{"start":{"line":5,"column":23},"end":{"line":5,"column":32}},{"start":{"line":5,"column":35},"end":{"line":5,"column":38}}],"line":5},"4":{"loc":{"start":{"line":6,"column":14},"end":{"line":6,"column":46}},"type":"cond-expr","locations":[{"start":{"line":6,"column":29},"end":{"line":6,"column":39}},{"start":{"line":6,"column":42},"end":{"line":6,"column":46}}],"line":6},"5":{"loc":{"start":{"line":7,"column":8},"end":{"line":27,"column":9}},"type":"if","locations":[{"start":{"line":7,"column":8},"end":{"line":27,"column":9}},{"start":{},"end":{}}],"line":7},"6":{"loc":{"start":{"line":18,"column":30},"end":{"line":21,"column":28}},"type":"cond-expr","locations":[{"start":{"line":18,"column":45},"end":{"line":21,"column":21}},{"start":{"line":21,"column":24},"end":{"line":21,"column":28}}],"line":18},"7":{"loc":{"start":{"line":25,"column":20},"end":{"line":25,"column":48}},"type":"cond-expr","locations":[{"start":{"line":25,"column":29},"end":{"line":25,"column":40}},{"start":{"line":25,"column":43},"end":{"line":25,"column":48}}],"line":25},"8":{"loc":{"start":{"line":29,"column":8},"end":{"line":41,"column":9}},"type":"if","locations":[{"start":{"line":29,"column":8},"end":{"line":41,"column":9}},{"start":{},"end":{}}],"line":29},"9":{"loc":{"start":{"line":30,"column":20},"end":{"line":30,"column":48}},"type":"cond-expr","locations":[{"start":{"line":30,"column":29},"end":{"line":30,"column":40}},{"start":{"line":30,"column":43},"end":{"line":30,"column":48}}],"line":30},"10":{"loc":{"start":{"line":32,"column":42},"end":{"line":32,"column":103}},"type":"cond-expr","locations":[{"start":{"line":32,"column":72},"end":{"line":32,"column":95}},{"start":{"line":32,"column":99},"end":{"line":32,"column":103}}],"line":32},"11":{"loc":{"start":{"line":33,"column":29},"end":{"line":33,"column":99}},"type":"cond-expr","locations":[{"start":{"line":33,"column":45},"end":{"line":33,"column":74}},{"start":{"line":33,"column":78},"end":{"line":33,"column":99}}],"line":33},"12":{"loc":{"start":{"line":34,"column":29},"end":{"line":34,"column":71}},"type":"binary-expr","locations":[{"start":{"line":34,"column":29},"end":{"line":34,"column":45}},{"start":{"line":34,"column":49},"end":{"line":34,"column":71}}],"line":34},"13":{"loc":{"start":{"line":35,"column":12},"end":{"line":40,"column":13}},"type":"if","locations":[{"start":{"line":35,"column":12},"end":{"line":40,"column":13}},{"start":{"line":38,"column":17},"end":{"line":40,"column":13}}],"line":35}},"s":{"0":9,"1":9,"2":9,"3":9,"4":9,"5":4,"6":4,"7":4,"8":4,"9":4,"10":4,"11":9,"12":9,"13":6,"14":6,"15":6,"16":6,"17":6,"18":6,"19":1,"20":1,"21":5,"22":9},"f":{"0":9},"b":{"0":[3],"1":[7],"2":[8],"3":[8,1],"4":[1,8],"5":[4,5],"6":[1,3],"7":[3,1],"8":[6,3],"9":[5,1],"10":[3,3],"11":[1,5],"12":[6,3],"13":[1,5]},"_coverageSchema":"1a1c01bbd47fc00a2c39e90264f33305004495a9","hash":"ee8e0045835c107a624e5503498d17e88d30c1af"}
}
