TN:
SF:lib/Helpers.js
FN:2,(anonymous_0)
FN:5,(anonymous_1)
FN:8,(anonymous_2)
FN:11,(anonymous_3)
FN:14,(anonymous_4)
FN:17,(anonymous_5)
FN:20,(anonymous_6)
FN:26,(anonymous_7)
FNF:8
FNH:8
FNDA:381,(anonymous_0)
FNDA:39,(anonymous_1)
FNDA:183,(anonymous_2)
FNDA:10,(anonymous_3)
FNDA:3,(anonymous_4)
FNDA:6,(anonymous_5)
FNDA:8,(anonymous_6)
FNDA:6,(anonymous_7)
DA:3,381
DA:6,39
DA:9,183
DA:12,10
DA:15,3
DA:18,6
DA:22,8
DA:23,8
DA:24,8
DA:25,8
DA:26,8
DA:27,6
DA:28,6
DA:31,8
DA:32,8
DA:33,1
DA:35,8
DA:36,6
DA:37,6
DA:39,8
LF:20
LH:20
BRDA:9,0,0,183
BRDA:9,0,1,181
BRDA:18,1,0,3
BRDA:18,1,1,3
BRDA:20,2,0,2
BRDA:20,3,0,7
BRDA:20,4,0,7
BRDA:22,5,0,6
BRDA:22,5,1,2
BRDA:23,6,0,2
BRDA:23,6,1,6
BRDA:24,7,0,2
BRDA:24,7,1,6
BRDA:31,8,0,6
BRDA:31,8,1,2
BRDA:32,9,0,1
BRDA:32,9,1,7
BRDA:35,10,0,6
BRDA:35,10,1,2
BRDA:35,11,0,8
BRDA:35,11,1,8
BRDA:36,12,0,6
BRDA:36,12,1,6
BRF:23
BRH:23
end_of_record
TN:
SF:lib/Statistics.js
FN:6,(anonymous_0)
FN:10,(anonymous_1)
FN:15,(anonymous_2)
FN:53,(anonymous_3)
FN:56,(anonymous_4)
FN:59,(anonymous_5)
FN:72,(anonymous_6)
FN:79,(anonymous_7)
FN:85,(anonymous_8)
FNF:9
FNH:8
FNDA:5,(anonymous_0)
FNDA:7,(anonymous_1)
FNDA:30,(anonymous_2)
FNDA:18,(anonymous_3)
FNDA:17,(anonymous_4)
FNDA:2,(anonymous_5)
FNDA:4,(anonymous_6)
FNDA:0,(anonymous_7)
FNDA:4,(anonymous_8)
DA:4,8
DA:5,1
DA:7,5
DA:8,5
DA:11,7
DA:12,1
DA:14,6
DA:15,6
DA:16,30
DA:17,30
DA:18,30
DA:20,30
DA:24,4
DA:26,30
DA:30,1
DA:32,30
DA:36,6
DA:38,30
DA:42,6
DA:44,30
DA:48,6
DA:51,6
DA:54,18
DA:57,17
DA:60,2
DA:61,1
DA:63,1
DA:64,1
DA:69,1
DA:70,1
DA:73,4
DA:74,1
DA:76,3
DA:77,1
DA:79,3
DA:83,3
DA:86,4
DA:87,4
DA:88,4
DA:89,2
DA:91,2
DA:92,2
LF:42
LH:42
BRDA:11,0,0,1
BRDA:11,0,1,6
BRDA:17,1,0,30
BRDA:17,1,1,0
BRDA:20,2,0,4
BRDA:20,2,1,26
BRDA:20,3,0,30
BRDA:20,3,1,30
BRDA:20,3,2,6
BRDA:26,4,0,1
BRDA:26,4,1,29
BRDA:26,5,0,30
BRDA:26,5,1,30
BRDA:26,5,2,6
BRDA:32,6,0,6
BRDA:32,6,1,24
BRDA:32,7,0,30
BRDA:32,7,1,30
BRDA:32,7,2,6
BRDA:38,8,0,6
BRDA:38,8,1,24
BRDA:38,9,0,30
BRDA:38,9,1,24
BRDA:38,9,2,6
BRDA:44,10,0,6
BRDA:44,10,1,24
BRDA:44,11,0,30
BRDA:44,11,1,30
BRDA:44,11,2,6
BRDA:57,12,0,17
BRDA:57,12,1,13
BRDA:60,13,0,1
BRDA:60,13,1,1
BRDA:60,14,0,2
BRDA:60,14,1,1
BRDA:73,15,0,1
BRDA:73,15,1,3
BRDA:76,16,0,1
BRDA:76,16,1,2
BRDA:85,17,0,1
BRDA:88,18,0,2
BRDA:88,18,1,2
BRF:42
BRH:41
end_of_record
TN:
SF:lib/Store.js
FN:2,(anonymous_0)
FNF:1
FNH:1
FNDA:9,(anonymous_0)
DA:3,9
DA:4,9
DA:5,9
DA:6,9
DA:7,9
DA:8,4
DA:9,4
DA:10,4
DA:24,4
DA:25,4
DA:26,4
DA:28,9
DA:29,9
DA:30,6
DA:31,6
DA:32,6
DA:33,6
DA:34,6
DA:35,6
DA:36,1
DA:37,1
DA:39,5
DA:42,9
LF:23
LH:23
BRDA:2,0,0,3
BRDA:2,1,0,7
BRDA:2,2,0,8
BRDA:5,3,0,8
BRDA:5,3,1,1
BRDA:6,4,0,1
BRDA:6,4,1,8
BRDA:7,5,0,4
BRDA:7,5,1,5
BRDA:18,6,0,1
BRDA:18,6,1,3
BRDA:25,7,0,3
BRDA:25,7,1,1
BRDA:29,8,0,6
BRDA:29,8,1,3
BRDA:30,9,0,5
BRDA:30,9,1,1
BRDA:32,10,0,3
BRDA:32,10,1,3
BRDA:33,11,0,1
BRDA:33,11,1,5
BRDA:34,12,0,6
BRDA:34,12,1,3
BRDA:35,13,0,1
BRDA:35,13,1,5
BRF:25
BRH:25
end_of_record
