TN:
SF:lib/Helpers.js
FN:2,(anonymous_0)
FN:5,(anonymous_1)
FN:8,(anonymous_2)
FN:11,(anonymous_3)
FN:14,(anonymous_4)
FN:17,(anonymous_5)
FN:20,(anonymous_6)
FN:26,(anonymous_7)
FNF:8
FNH:8
FNDA:306,(anonymous_0)
FNDA:31,(anonymous_1)
FNDA:139,(anonymous_2)
FNDA:10,(anonymous_3)
FNDA:3,(anonymous_4)
FNDA:6,(anonymous_5)
FNDA:8,(anonymous_6)
FNDA:6,(anonymous_7)
DA:3,306
DA:6,31
DA:9,139
DA:12,10
DA:15,3
DA:18,6
DA:22,8
DA:23,8
DA:24,8
DA:25,8
DA:26,8
DA:27,6
DA:28,6
DA:31,8
DA:32,8
DA:33,1
DA:35,8
DA:36,6
DA:37,6
DA:39,8
LF:20
LH:20
BRDA:9,0,0,139
BRDA:9,0,1,137
BRDA:18,1,0,3
BRDA:18,1,1,3
BRDA:20,2,0,2
BRDA:20,3,0,7
BRDA:20,4,0,7
BRDA:22,5,0,6
BRDA:22,5,1,2
BRDA:23,6,0,2
BRDA:23,6,1,6
BRDA:24,7,0,2
BRDA:24,7,1,6
BRDA:31,8,0,6
BRDA:31,8,1,2
BRDA:32,9,0,1
BRDA:32,9,1,7
BRDA:35,10,0,6
BRDA:35,10,1,2
BRDA:35,11,0,8
BRDA:35,11,1,8
BRDA:36,12,0,6
BRDA:36,12,1,6
BRF:23
BRH:23
end_of_record
TN:
SF:lib/Statistics.js
FN:6,(anonymous_0)
FN:10,(anonymous_1)
FN:12,(anonymous_2)
FN:50,(anonymous_3)
FN:60,(anonymous_4)
FN:64,(anonymous_5)
FN:68,(anonymous_6)
FN:73,(anonymous_7)
FNF:8
FNH:3
FNDA:1,(anonymous_0)
FNDA:5,(anonymous_1)
FNDA:25,(anonymous_2)
FNDA:0,(anonymous_3)
FNDA:0,(anonymous_4)
FNDA:0,(anonymous_5)
FNDA:0,(anonymous_6)
FNDA:0,(anonymous_7)
DA:4,1
DA:5,1
DA:7,1
DA:8,1
DA:11,5
DA:12,5
DA:13,25
DA:14,25
DA:15,25
DA:17,25
DA:21,3
DA:23,25
DA:27,2
DA:29,25
DA:33,4
DA:35,25
DA:39,0
DA:41,25
DA:45,0
DA:48,5
DA:51,0
DA:52,0
DA:53,0
DA:55,0
DA:56,0
DA:61,0
DA:65,0
DA:66,0
DA:68,0
DA:74,0
DA:75,0
LF:31
LH:18
BRDA:14,0,0,25
BRDA:14,0,1,0
BRDA:17,1,0,3
BRDA:17,1,1,22
BRDA:17,2,0,25
BRDA:17,2,1,25
BRDA:17,2,2,5
BRDA:23,3,0,2
BRDA:23,3,1,23
BRDA:23,4,0,25
BRDA:23,4,1,25
BRDA:23,4,2,5
BRDA:29,5,0,4
BRDA:29,5,1,21
BRDA:29,6,0,25
BRDA:29,6,1,25
BRDA:29,6,2,5
BRDA:35,7,0,0
BRDA:35,7,1,25
BRDA:35,8,0,25
BRDA:35,8,1,20
BRDA:35,8,2,5
BRDA:41,9,0,0
BRDA:41,9,1,25
BRDA:41,10,0,25
BRDA:41,10,1,25
BRDA:41,10,2,5
BRDA:52,11,0,0
BRDA:52,11,1,0
BRDA:52,12,0,0
BRDA:52,12,1,0
BRDA:65,13,0,0
BRDA:65,13,1,0
BRDA:73,14,0,0
BRF:34
BRH:24
end_of_record
TN:
SF:lib/Store.js
FN:2,(anonymous_0)
FNF:1
FNH:1
FNDA:9,(anonymous_0)
DA:3,9
DA:4,9
DA:5,9
DA:6,9
DA:7,9
DA:8,4
DA:9,4
DA:10,4
DA:24,4
DA:25,4
DA:26,4
DA:28,9
DA:29,9
DA:30,6
DA:31,6
DA:32,6
DA:33,6
DA:34,6
DA:35,6
DA:36,1
DA:37,1
DA:39,5
DA:42,9
LF:23
LH:23
BRDA:2,0,0,3
BRDA:2,1,0,7
BRDA:2,2,0,8
BRDA:5,3,0,8
BRDA:5,3,1,1
BRDA:6,4,0,1
BRDA:6,4,1,8
BRDA:7,5,0,4
BRDA:7,5,1,5
BRDA:18,6,0,1
BRDA:18,6,1,3
BRDA:25,7,0,3
BRDA:25,7,1,1
BRDA:29,8,0,6
BRDA:29,8,1,3
BRDA:30,9,0,5
BRDA:30,9,1,1
BRDA:32,10,0,3
BRDA:32,10,1,3
BRDA:33,11,0,1
BRDA:33,11,1,5
BRDA:34,12,0,6
BRDA:34,12,1,3
BRDA:35,13,0,1
BRDA:35,13,1,5
BRF:25
BRH:25
end_of_record
